GROUP,PACKAGE,CLASS,INSTRUCTION_MISSED,INSTRUCTION_COVERED,BRANCH_MISSED,BRANCH_COVERED,LINE_MISSED,LINE_COVERED,COMPLEXITY_MISSED,COMPLEXITY_COVERED,METHOD_MISSED,METHOD_COVERED
cocktailexample,com.cocktailexample.cocktailexample,equipment,26,0,0,0,9,0,6,0,6,0
cocktailexample,com.cocktailexample.cocktailexample,ingredient,0,56,0,0,0,18,0,12,0,12
cocktailexample,com.cocktailexample.cocktailexample,cocktailinstructions,52,0,0,0,20,0,11,0,11,0
cocktailexample,com.cocktailexample.cocktailexample,CocktailexampleApplication,268,0,14,0,66,0,30,0,23,0
cocktailexample,com.cocktailexample.cocktailexample,garnish,36,0,0,0,13,0,8,0,8,0
cocktailexample,com.cocktailexample.cocktailexample,ingredientinstructions,3,0,0,0,1,0,1,0,1,0
cocktailexample,com.cocktailexample.cocktailexample,cocktail,7,26,0,0,3,11,2,6,2,6
cocktailexample,com.cocktailexample.cocktailexample,glass,3,26,0,0,1,9,1,6,1,6
cocktailexample,com.cocktailexample.cocktailexample,instruction,40,0,0,0,15,0,10,0,10,0
