GROUP,PACKAGE,CLASS,INSTRUCTION_MISSED,INSTRUCTION_COVERED,BRANCH_MISSED,BRANCH_COVERED,LINE_MISSED,LINE_COVERED,COMPLEXITY_MISSED,COMPLEXITY_COVERED,METHOD_MISSED,METHOD_COVERED
cocktailexample,com.cocktailexample.cocktailexample,equipment,0,26,0,0,0,9,0,6,0,6
cocktailexample,com.cocktailexample.cocktailexample,ingredient,0,56,0,0,0,18,0,12,0,12
cocktailexample,com.cocktailexample.cocktailexample,cocktailinstructions,6,46,0,0,1,19,1,10,1,10
cocktailexample,com.cocktailexample.cocktailexample,CocktailexampleApplication,289,0,14,0,74,0,30,0,23,0
cocktailexample,com.cocktailexample.cocktailexample,garnish,0,36,0,0,0,13,0,8,0,8
cocktailexample,com.cocktailexample.cocktailexample,cocktail,7,26,0,0,3,11,2,6,2,6
cocktailexample,com.cocktailexample.cocktailexample,glass,3,26,0,0,1,9,1,6,1,6
cocktailexample,com.cocktailexample.cocktailexample,instruction,0,46,0,0,0,17,0,10,0,10
