<?xml version="1.0" encoding="UTF-8"?>
<!-- Generated by org.testng.reporters.JUnitXMLReporter -->
<testsuite ignored="0" hostname="DESKTOP-R9GT52Q" failures="0" tests="3" name="Surefire test" time="0.08" errors="0" timestamp="2022-01-05T13:32:08 GMT">
  <testcase classname="com.cocktailexample.cocktailexampletests.CocktailTest" name="testcocktail" time="0.01"/>
  <testcase classname="com.cocktailexample.cocktailexampletests.GlassTest" name="testglass" time="0.001"/>
  <testcase classname="com.cocktailexample.cocktailexampletests.IngredientTest" name="testingredient" time="0.001"/>
</testsuite> <!-- Surefire test -->
