<?xml version="1.0" encoding="UTF-8"?>
<!-- Generated by org.testng.reporters.JUnitXMLReporter -->
<testsuite ignored="0" hostname="DESKTOP-R9GT52Q" failures="0" tests="7" name="Surefire test" time="0.061" errors="0" timestamp="2022-01-07T12:48:30 GMT">
  <testcase classname="com.cocktailexample.cocktailexampletests.CocktailinstructionsTest" name="testcocktailinstructions" time="0.009"/>
  <testcase classname="com.cocktailexample.cocktailexampletests.CocktailTest" name="testcocktail" time="0.002"/>
  <testcase classname="com.cocktailexample.cocktailexampletests.EquipmentTest" name="testequipment" time="0.001"/>
  <testcase classname="com.cocktailexample.cocktailexampletests.GarnishTest" name="testgarnish" time="0.001"/>
  <testcase classname="com.cocktailexample.cocktailexampletests.GlassTest" name="testglass" time="0.0"/>
  <testcase classname="com.cocktailexample.cocktailexampletests.IngredientTest" name="testingredient" time="0.0"/>
  <testcase classname="com.cocktailexample.cocktailexampletests.InstructionTest" name="testinstruction" time="0.0"/>
</testsuite> <!-- Surefire test -->
