<?xml version="1.0" encoding="UTF-8"?>
<testsuite xmlns:xsi="http://www.w3.org/2001/XMLSchema-instance" xsi:noNamespaceSchemaLocation="https://maven.apache.org/surefire/maven-surefire-plugin/xsd/surefire-test-report.xsd" name="TestSuite" time="0.949" tests="7" errors="0" skipped="0" failures="0">
  <properties>
[...]
</properties>
  <testcase name="testcocktailinstructions" classname="com.cocktailexample.cocktailexampletests.CocktailinstructionsTest" time="0.01"/>
  <testcase name="testcocktail" classname="com.cocktailexample.cocktailexampletests.CocktailTest" time="0.001"/>
  <testcase name="testequipment" classname="com.cocktailexample.cocktailexampletests.EquipmentTest" time="0"/>
  <testcase name="testgarnish" classname="com.cocktailexample.cocktailexampletests.GarnishTest" time="0"/>
  <testcase name="testglass" classname="com.cocktailexample.cocktailexampletests.GlassTest" time="0"/>
  <testcase name="testingredient" classname="com.cocktailexample.cocktailexampletests.IngredientTest" time="0"/>
  <testcase name="testinstruction" classname="com.cocktailexample.cocktailexampletests.InstructionTest" time="0"/>
</testsuite>