<?xml version="1.0" encoding="UTF-8"?>
<!-- Generated by org.testng.reporters.JUnitXMLReporter -->
<testsuite ignored="0" hostname="DESKTOP-R9GT52Q" failures="0" tests="28" name="Surefire test" time="1.012" errors="0" timestamp="2022-01-11T17:58:38 GMT">
  <testcase classname="com.cocktailexample.cocktailexampletests.MockitoTest" name="testdeletecocktailinstruction on testdeletecocktailinstruction(com.cocktailexample.cocktailexampletests.MockitoTest)" time="0.649"/>
  <testcase classname="com.cocktailexample.cocktailexampletests.MockitoTest" name="testgetAllequipment on testgetAllequipment(com.cocktailexample.cocktailexampletests.MockitoTest)" time="0.65"/>
  <testcase classname="com.cocktailexample.cocktailexampletests.MockitoTest" name="testdeletenogarnish on testdeletenogarnish(com.cocktailexample.cocktailexampletests.MockitoTest)" time="0.651"/>
  <testcase classname="com.cocktailexample.cocktailexampletests.MockitoTest" name="testdeletenoingredient on testdeletenoingredient(com.cocktailexample.cocktailexampletests.MockitoTest)" time="0.652"/>
  <testcase classname="com.cocktailexample.cocktailexampletests.MockitoTest" name="testaddingredient on testaddingredient(com.cocktailexample.cocktailexampletests.MockitoTest)" time="0.653"/>
  <testcase classname="com.cocktailexample.cocktailexampletests.MockitoTest" name="testaddinstruction on testaddinstruction(com.cocktailexample.cocktailexampletests.MockitoTest)" time="0.653"/>
  <testcase classname="com.cocktailexample.cocktailexampletests.MockitoTest" name="testdeletegarnish on testdeletegarnish(com.cocktailexample.cocktailexampletests.MockitoTest)" time="0.654"/>
  <testcase classname="com.cocktailexample.cocktailexampletests.MockitoTest" name="testaddglass on testaddglass(com.cocktailexample.cocktailexampletests.MockitoTest)" time="0.655"/>
  <testcase classname="com.cocktailexample.cocktailexampletests.MockitoTest" name="testaddcocktailinstruction on testaddcocktailinstruction(com.cocktailexample.cocktailexampletests.MockitoTest)" time="0.656"/>
  <testcase classname="com.cocktailexample.cocktailexampletests.MockitoTest" name="testgetAllcocktailinstructions on testgetAllcocktailinstructions(com.cocktailexample.cocktailexampletests.MockitoTest)" time="0.657"/>
  <testcase classname="com.cocktailexample.cocktailexampletests.MockitoTest" name="testgetAllcocktails on testgetAllcocktails(com.cocktailexample.cocktailexampletests.MockitoTest)" time="0.657"/>
  <testcase classname="com.cocktailexample.cocktailexampletests.MockitoTest" name="testdeletenoinstruction on testdeletenoinstruction(com.cocktailexample.cocktailexampletests.MockitoTest)" time="0.658"/>
  <testcase classname="com.cocktailexample.cocktailexampletests.MockitoTest" name="testdeletenococktailinstruction on testdeletenococktailinstruction(com.cocktailexample.cocktailexampletests.MockitoTest)" time="0.659"/>
  <testcase classname="com.cocktailexample.cocktailexampletests.MockitoTest" name="testaddequipment on testaddequipment(com.cocktailexample.cocktailexampletests.MockitoTest)" time="0.659"/>
  <testcase classname="com.cocktailexample.cocktailexampletests.MockitoTest" name="testaddcocktail on testaddcocktail(com.cocktailexample.cocktailexampletests.MockitoTest)" time="0.66"/>
  <testcase classname="com.cocktailexample.cocktailexampletests.MockitoTest" name="testgetAllgarnish on testgetAllgarnish(com.cocktailexample.cocktailexampletests.MockitoTest)" time="0.661"/>
  <testcase classname="com.cocktailexample.cocktailexampletests.MockitoTest" name="testgetAllingreients on testgetAllingreients(com.cocktailexample.cocktailexampletests.MockitoTest)" time="0.662"/>
  <testcase classname="com.cocktailexample.cocktailexampletests.MockitoTest" name="testdeleteingredient on testdeleteingredient(com.cocktailexample.cocktailexampletests.MockitoTest)" time="0.663"/>
  <testcase classname="com.cocktailexample.cocktailexampletests.MockitoTest" name="testgetAllglasses on testgetAllglasses(com.cocktailexample.cocktailexampletests.MockitoTest)" time="0.664"/>
  <testcase classname="com.cocktailexample.cocktailexampletests.MockitoTest" name="testdeleteequipment on testdeleteequipment(com.cocktailexample.cocktailexampletests.MockitoTest)" time="0.665"/>
  <testcase classname="com.cocktailexample.cocktailexampletests.MockitoTest" name="testdeletenococktail on testdeletenococktail(com.cocktailexample.cocktailexampletests.MockitoTest)" time="0.665"/>
  <testcase classname="com.cocktailexample.cocktailexampletests.MockitoTest" name="testgetAllinstructions on testgetAllinstructions(com.cocktailexample.cocktailexampletests.MockitoTest)" time="0.665"/>
  <testcase classname="com.cocktailexample.cocktailexampletests.MockitoTest" name="testdeleteglass on testdeleteglass(com.cocktailexample.cocktailexampletests.MockitoTest)" time="0.665"/>
  <testcase classname="com.cocktailexample.cocktailexampletests.MockitoTest" name="testdeletecocktail on testdeletecocktail(com.cocktailexample.cocktailexampletests.MockitoTest)" time="0.666"/>
  <testcase classname="com.cocktailexample.cocktailexampletests.MockitoTest" name="testdeleteinstruction on testdeleteinstruction(com.cocktailexample.cocktailexampletests.MockitoTest)" time="0.667"/>
  <testcase classname="com.cocktailexample.cocktailexampletests.MockitoTest" name="testdeletenoglass on testdeletenoglass(com.cocktailexample.cocktailexampletests.MockitoTest)" time="0.668"/>
  <testcase classname="com.cocktailexample.cocktailexampletests.MockitoTest" name="testdeletenoequipment on testdeletenoequipment(com.cocktailexample.cocktailexampletests.MockitoTest)" time="0.668"/>
  <testcase classname="com.cocktailexample.cocktailexampletests.MockitoTest" name="testaddgarnish on testaddgarnish(com.cocktailexample.cocktailexampletests.MockitoTest)" time="0.669"/>
</testsuite> <!-- Surefire test -->
