<?xml version="1.0" encoding="UTF-8"?>
<!-- Generated by org.testng.reporters.JUnitXMLReporter -->
<testsuite ignored="0" hostname="DESKTOP-R9GT52Q" failures="0" tests="14" name="Surefire test" time="1.107" errors="0" timestamp="2022-01-07T17:08:14 GMT">
  <testcase classname="com.cocktailexample.cocktailexampletests.MockitoTest" name="testgetAllequipment on testgetAllequipment(com.cocktailexample.cocktailexampletests.MockitoTest)" time="0.706"/>
  <testcase classname="com.cocktailexample.cocktailexampletests.MockitoTest" name="testaddingredient on testaddingredient(com.cocktailexample.cocktailexampletests.MockitoTest)" time="0.71"/>
  <testcase classname="com.cocktailexample.cocktailexampletests.MockitoTest" name="testaddinstruction on testaddinstruction(com.cocktailexample.cocktailexampletests.MockitoTest)" time="0.712"/>
  <testcase classname="com.cocktailexample.cocktailexampletests.MockitoTest" name="testaddglass on testaddglass(com.cocktailexample.cocktailexampletests.MockitoTest)" time="0.713"/>
  <testcase classname="com.cocktailexample.cocktailexampletests.MockitoTest" name="testaddcocktailinstruction on testaddcocktailinstruction(com.cocktailexample.cocktailexampletests.MockitoTest)" time="0.714"/>
  <testcase classname="com.cocktailexample.cocktailexampletests.MockitoTest" name="testgetAllcocktailinstructions on testgetAllcocktailinstructions(com.cocktailexample.cocktailexampletests.MockitoTest)" time="0.715"/>
  <testcase classname="com.cocktailexample.cocktailexampletests.MockitoTest" name="testgetAllcocktails on testgetAllcocktails(com.cocktailexample.cocktailexampletests.MockitoTest)" time="0.716"/>
  <testcase classname="com.cocktailexample.cocktailexampletests.MockitoTest" name="testaddequipment on testaddequipment(com.cocktailexample.cocktailexampletests.MockitoTest)" time="0.717"/>
  <testcase classname="com.cocktailexample.cocktailexampletests.MockitoTest" name="testaddcocktail on testaddcocktail(com.cocktailexample.cocktailexampletests.MockitoTest)" time="0.718"/>
  <testcase classname="com.cocktailexample.cocktailexampletests.MockitoTest" name="testgetAllgarnish on testgetAllgarnish(com.cocktailexample.cocktailexampletests.MockitoTest)" time="0.719"/>
  <testcase classname="com.cocktailexample.cocktailexampletests.MockitoTest" name="testgetAllingreients on testgetAllingreients(com.cocktailexample.cocktailexampletests.MockitoTest)" time="0.719"/>
  <testcase classname="com.cocktailexample.cocktailexampletests.MockitoTest" name="testgetAllglasses on testgetAllglasses(com.cocktailexample.cocktailexampletests.MockitoTest)" time="0.719"/>
  <testcase classname="com.cocktailexample.cocktailexampletests.MockitoTest" name="testgetAllinstructions on testgetAllinstructions(com.cocktailexample.cocktailexampletests.MockitoTest)" time="0.72"/>
  <testcase classname="com.cocktailexample.cocktailexampletests.MockitoTest" name="testaddgarnish on testaddgarnish(com.cocktailexample.cocktailexampletests.MockitoTest)" time="0.722"/>
</testsuite> <!-- Surefire test -->
